{"/Users/ivyhu/Coding/HackReactor/Project-Adventure/client/src/Star.jsx": {"path":"/Users/ivyhu/Coding/HackReactor/Project-Adventure/client/src/Star.jsx","statementMap":{"0":{"start":{"line":6,"column":19},"end":{"line":6,"column":54}},"1":{"start":{"line":7,"column":16},"end":{"line":7,"column":35}},"2":{"start":{"line":8,"column":2},"end":{"line":18,"column":4}},"3":{"start":{"line":21,"column":0},"end":{"line":23,"column":2}},"4":{"start":{"line":25,"column":18},"end":{"line":28,"column":1}}},"fnMap":{"0":{"name":"Star","decl":{"start":{"line":5,"column":24},"end":{"line":5,"column":28}},"loc":{"start":{"line":5,"column":40},"end":{"line":19,"column":1}},"line":5}},"branchMap":{},"s":{"0":1,"1":1,"2":1,"3":1,"4":1},"f":{"0":1},"b":{},"_coverageSchema":"1a1c01bbd47fc00a2c39e90264f33305004495a9","hash":"fccb6daea4496bc131361dc9668eebe21bf39df5"}
,"/Users/ivyhu/Coding/HackReactor/Project-Adventure/client/src/components/Ratings/RatingBreakdown/FactorEntry.jsx": {"path":"/Users/ivyhu/Coding/HackReactor/Project-Adventure/client/src/components/Ratings/RatingBreakdown/FactorEntry.jsx","statementMap":{"0":{"start":{"line":5,"column":24},"end":{"line":12,"column":3}},"1":{"start":{"line":14,"column":2},"end":{"line":20,"column":4}},"2":{"start":{"line":16,"column":6},"end":{"line":18,"column":12}},"3":{"start":{"line":23,"column":0},"end":{"line":25,"column":2}}},"fnMap":{"0":{"name":"FactorEntry","decl":{"start":{"line":4,"column":24},"end":{"line":4,"column":35}},"loc":{"start":{"line":4,"column":48},"end":{"line":21,"column":1}},"line":4},"1":{"name":"(anonymous_1)","decl":{"start":{"line":15,"column":30},"end":{"line":15,"column":31}},"loc":{"start":{"line":16,"column":6},"end":{"line":18,"column":12}},"line":16}},"branchMap":{},"s":{"0":3,"1":3,"2":9,"3":1},"f":{"0":3,"1":9},"b":{},"_coverageSchema":"1a1c01bbd47fc00a2c39e90264f33305004495a9","hash":"7248755f963bd767d7e768e7f174b0500025a10f"}
,"/Users/ivyhu/Coding/HackReactor/Project-Adventure/client/src/components/Ratings/RatingBreakdown/RatingOverview.jsx": {"path":"/Users/ivyhu/Coding/HackReactor/Project-Adventure/client/src/components/Ratings/RatingBreakdown/RatingOverview.jsx","statementMap":{"0":{"start":{"line":8,"column":14},"end":{"line":8,"column":15}},"1":{"start":{"line":9,"column":20},"end":{"line":9,"column":24}},"2":{"start":{"line":10,"column":22},"end":{"line":10,"column":31}},"3":{"start":{"line":12,"column":2},"end":{"line":18,"column":3}},"4":{"start":{"line":13,"column":39},"end":{"line":13,"column":50}},"5":{"start":{"line":14,"column":4},"end":{"line":14,"column":22}},"6":{"start":{"line":15,"column":19},"end":{"line":15,"column":43}},"7":{"start":{"line":16,"column":20},"end":{"line":16,"column":45}},"8":{"start":{"line":17,"column":4},"end":{"line":17,"column":66}},"9":{"start":{"line":20,"column":30},"end":{"line":25,"column":8}},"10":{"start":{"line":27,"column":2},"end":{"line":40,"column":4}},"11":{"start":{"line":44,"column":32},"end":{"line":47,"column":1}},"12":{"start":{"line":49,"column":22},"end":{"line":53,"column":1}},"13":{"start":{"line":55,"column":14},"end":{"line":59,"column":1}}},"fnMap":{"0":{"name":"RatingOverview","decl":{"start":{"line":7,"column":24},"end":{"line":7,"column":38}},"loc":{"start":{"line":7,"column":41},"end":{"line":41,"column":1}},"line":7}},"branchMap":{"0":{"loc":{"start":{"line":12,"column":2},"end":{"line":18,"column":3}},"type":"if","locations":[{"start":{"line":12,"column":2},"end":{"line":18,"column":3}},{"start":{},"end":{}}],"line":12},"1":{"loc":{"start":{"line":20,"column":30},"end":{"line":25,"column":8}},"type":"cond-expr","locations":[{"start":{"line":21,"column":4},"end":{"line":24,"column":10}},{"start":{"line":25,"column":6},"end":{"line":25,"column":8}}],"line":20}},"s":{"0":1,"1":1,"2":1,"3":1,"4":0,"5":0,"6":0,"7":0,"8":0,"9":1,"10":1,"11":1,"12":1,"13":1},"f":{"0":1},"b":{"0":[0,1],"1":[0,1]},"_coverageSchema":"1a1c01bbd47fc00a2c39e90264f33305004495a9","hash":"be60f31ed908d6d95892978d94c921a8c198cc4e"}
,"/Users/ivyhu/Coding/HackReactor/Project-Adventure/client/src/components/RelatedProducts/Cards/Comparison.jsx": {"path":"/Users/ivyhu/Coding/HackReactor/Project-Adventure/client/src/components/RelatedProducts/Cards/Comparison.jsx","statementMap":{"0":{"start":{"line":8,"column":16},"end":{"line":8,"column":33}},"1":{"start":{"line":9,"column":16},"end":{"line":9,"column":33}},"2":{"start":{"line":11,"column":2},"end":{"line":20,"column":4}},"3":{"start":{"line":23,"column":16},"end":{"line":27,"column":1}},"4":{"start":{"line":29,"column":18},"end":{"line":32,"column":1}}},"fnMap":{"0":{"name":"Comparison","decl":{"start":{"line":7,"column":9},"end":{"line":7,"column":19}},"loc":{"start":{"line":7,"column":22},"end":{"line":21,"column":1}},"line":7}},"branchMap":{},"s":{"0":0,"1":0,"2":0,"3":1,"4":1},"f":{"0":0},"b":{},"_coverageSchema":"1a1c01bbd47fc00a2c39e90264f33305004495a9","hash":"9ef2383ffe1bf8dead6053a97c8fa2868617546c"}
,"/Users/ivyhu/Coding/HackReactor/Project-Adventure/client/src/components/RelatedProducts/Cards/Features.jsx": {"path":"/Users/ivyhu/Coding/HackReactor/Project-Adventure/client/src/components/RelatedProducts/Cards/Features.jsx","statementMap":{"0":{"start":{"line":8,"column":20},"end":{"line":8,"column":57}},"1":{"start":{"line":10,"column":21},"end":{"line":10,"column":23}},"2":{"start":{"line":11,"column":2},"end":{"line":11,"column":54}},"3":{"start":{"line":11,"column":31},"end":{"line":11,"column":52}},"4":{"start":{"line":13,"column":21},"end":{"line":13,"column":23}},"5":{"start":{"line":14,"column":2},"end":{"line":14,"column":54}},"6":{"start":{"line":14,"column":31},"end":{"line":14,"column":52}},"7":{"start":{"line":16,"column":2},"end":{"line":40,"column":4}},"8":{"start":{"line":28,"column":10},"end":{"line":35,"column":15}},"9":{"start":{"line":30,"column":44},"end":{"line":30,"column":86}},"10":{"start":{"line":34,"column":44},"end":{"line":34,"column":86}}},"fnMap":{"0":{"name":"Features","decl":{"start":{"line":7,"column":9},"end":{"line":7,"column":17}},"loc":{"start":{"line":7,"column":36},"end":{"line":41,"column":1}},"line":7},"1":{"name":"(anonymous_1)","decl":{"start":{"line":11,"column":21},"end":{"line":11,"column":22}},"loc":{"start":{"line":11,"column":31},"end":{"line":11,"column":52}},"line":11},"2":{"name":"(anonymous_2)","decl":{"start":{"line":14,"column":21},"end":{"line":14,"column":22}},"loc":{"start":{"line":14,"column":31},"end":{"line":14,"column":52}},"line":14},"3":{"name":"(anonymous_3)","decl":{"start":{"line":27,"column":23},"end":{"line":27,"column":24}},"loc":{"start":{"line":28,"column":10},"end":{"line":35,"column":15}},"line":28},"4":{"name":"(anonymous_4)","decl":{"start":{"line":30,"column":32},"end":{"line":30,"column":33}},"loc":{"start":{"line":30,"column":44},"end":{"line":30,"column":86}},"line":30},"5":{"name":"(anonymous_5)","decl":{"start":{"line":34,"column":32},"end":{"line":34,"column":33}},"loc":{"start":{"line":34,"column":44},"end":{"line":34,"column":86}},"line":34}},"branchMap":{"0":{"loc":{"start":{"line":30,"column":44},"end":{"line":30,"column":86}},"type":"cond-expr","locations":[{"start":{"line":30,"column":77},"end":{"line":30,"column":80}},{"start":{"line":30,"column":83},"end":{"line":30,"column":86}}],"line":30},"1":{"loc":{"start":{"line":32,"column":17},"end":{"line":32,"column":82}},"type":"cond-expr","locations":[{"start":{"line":32,"column":30},"end":{"line":32,"column":62}},{"start":{"line":32,"column":65},"end":{"line":32,"column":82}}],"line":32},"2":{"loc":{"start":{"line":34,"column":44},"end":{"line":34,"column":86}},"type":"cond-expr","locations":[{"start":{"line":34,"column":77},"end":{"line":34,"column":80}},{"start":{"line":34,"column":83},"end":{"line":34,"column":86}}],"line":34}},"s":{"0":0,"1":0,"2":0,"3":0,"4":0,"5":0,"6":0,"7":0,"8":0,"9":0,"10":0},"f":{"0":0,"1":0,"2":0,"3":0,"4":0,"5":0},"b":{"0":[0,0],"1":[0,0],"2":[0,0]},"_coverageSchema":"1a1c01bbd47fc00a2c39e90264f33305004495a9","hash":"336991b096e353c0aa967d8c9e6b7ad6ba565153"}
,"/Users/ivyhu/Coding/HackReactor/Project-Adventure/client/src/components/RelatedProducts/Cards/Individualcard.jsx": {"path":"/Users/ivyhu/Coding/HackReactor/Project-Adventure/client/src/components/RelatedProducts/Cards/Individualcard.jsx","statementMap":{"0":{"start":{"line":10,"column":2},"end":{"line":27,"column":4}},"1":{"start":{"line":30,"column":16},"end":{"line":43,"column":1}},"2":{"start":{"line":45,"column":21},"end":{"line":47,"column":1}},"3":{"start":{"line":48,"column":17},"end":{"line":50,"column":1}}},"fnMap":{"0":{"name":"Individualcard","decl":{"start":{"line":9,"column":9},"end":{"line":9,"column":23}},"loc":{"start":{"line":9,"column":37},"end":{"line":28,"column":1}},"line":9}},"branchMap":{},"s":{"0":0,"1":1,"2":1,"3":1},"f":{"0":0},"b":{},"_coverageSchema":"1a1c01bbd47fc00a2c39e90264f33305004495a9","hash":"187e0086196ff35ed9334df875423f818e0f6e9a"}
,"/Users/ivyhu/Coding/HackReactor/Project-Adventure/client/src/components/RelatedProducts/Cards/ProductImg.jsx": {"path":"/Users/ivyhu/Coding/HackReactor/Project-Adventure/client/src/components/RelatedProducts/Cards/ProductImg.jsx","statementMap":{"0":{"start":{"line":9,"column":36},"end":{"line":9,"column":51}},"1":{"start":{"line":11,"column":27},"end":{"line":11,"column":32}},"2":{"start":{"line":13,"column":4},"end":{"line":13,"column":29}},"3":{"start":{"line":16,"column":2},"end":{"line":34,"column":4}},"4":{"start":{"line":23,"column":36},"end":{"line":23,"column":49}},"5":{"start":{"line":37,"column":22},"end":{"line":43,"column":1}},"6":{"start":{"line":45,"column":21},"end":{"line":51,"column":1}},"7":{"start":{"line":46,"column":25},"end":{"line":46,"column":54}}},"fnMap":{"0":{"name":"ProductImg","decl":{"start":{"line":8,"column":9},"end":{"line":8,"column":19}},"loc":{"start":{"line":8,"column":31},"end":{"line":35,"column":1}},"line":8},"1":{"name":"handleClick","decl":{"start":{"line":12,"column":11},"end":{"line":12,"column":22}},"loc":{"start":{"line":12,"column":25},"end":{"line":14,"column":3}},"line":12},"2":{"name":"(anonymous_2)","decl":{"start":{"line":23,"column":30},"end":{"line":23,"column":31}},"loc":{"start":{"line":23,"column":36},"end":{"line":23,"column":49}},"line":23},"3":{"name":"(anonymous_3)","decl":{"start":{"line":46,"column":13},"end":{"line":46,"column":14}},"loc":{"start":{"line":46,"column":25},"end":{"line":46,"column":54}},"line":46}},"branchMap":{"0":{"loc":{"start":{"line":46,"column":25},"end":{"line":46,"column":54}},"type":"cond-expr","locations":[{"start":{"line":46,"column":38},"end":{"line":46,"column":45}},{"start":{"line":46,"column":48},"end":{"line":46,"column":54}}],"line":46}},"s":{"0":0,"1":0,"2":0,"3":0,"4":0,"5":1,"6":1,"7":0},"f":{"0":0,"1":0,"2":0,"3":0},"b":{"0":[0,0]},"_coverageSchema":"1a1c01bbd47fc00a2c39e90264f33305004495a9","hash":"2958d19db19bb37461966a95d4a701c57ed6feb2"}
,"/Users/ivyhu/Coding/HackReactor/Project-Adventure/client/src/components/RelatedProducts/sampledata/sampleFeatures.js": {"path":"/Users/ivyhu/Coding/HackReactor/Project-Adventure/client/src/components/RelatedProducts/sampledata/sampleFeatures.js","statementMap":{"0":{"start":{"line":3,"column":23},"end":{"line":50,"column":1}}},"fnMap":{},"branchMap":{},"s":{"0":1},"f":{},"b":{},"_coverageSchema":"1a1c01bbd47fc00a2c39e90264f33305004495a9","hash":"eb4f6f84dda53c4811bb1b06c64036c5330f8247"}
,"/Users/ivyhu/Coding/HackReactor/Project-Adventure/client/src/contexts/ProductIDContext.jsx": {"path":"/Users/ivyhu/Coding/HackReactor/Project-Adventure/client/src/contexts/ProductIDContext.jsx","statementMap":{"0":{"start":{"line":6,"column":25},"end":{"line":6,"column":46}},"1":{"start":{"line":7,"column":23},"end":{"line":7,"column":44}},"2":{"start":{"line":8,"column":25},"end":{"line":8,"column":46}},"3":{"start":{"line":11,"column":46},"end":{"line":11,"column":78}},"4":{"start":{"line":12,"column":2},"end":{"line":12,"column":47}},"5":{"start":{"line":16,"column":50},"end":{"line":16,"column":84}},"6":{"start":{"line":17,"column":2},"end":{"line":17,"column":51}},"7":{"start":{"line":21,"column":50},"end":{"line":21,"column":66}},"8":{"start":{"line":22,"column":46},"end":{"line":22,"column":62}},"9":{"start":{"line":24,"column":2},"end":{"line":26,"column":9}},"10":{"start":{"line":25,"column":4},"end":{"line":25,"column":35}},"11":{"start":{"line":28,"column":2},"end":{"line":34,"column":25}},"12":{"start":{"line":29,"column":4},"end":{"line":33,"column":44}},"13":{"start":{"line":31,"column":8},"end":{"line":31,"column":32}},"14":{"start":{"line":33,"column":19},"end":{"line":33,"column":42}},"15":{"start":{"line":36,"column":2},"end":{"line":44,"column":4}},"16":{"start":{"line":47,"column":0},"end":{"line":50,"column":2}}},"fnMap":{"0":{"name":"useCurrentProduct","decl":{"start":{"line":10,"column":9},"end":{"line":10,"column":26}},"loc":{"start":{"line":10,"column":29},"end":{"line":13,"column":1}},"line":10},"1":{"name":"useCurrentProductId","decl":{"start":{"line":15,"column":9},"end":{"line":15,"column":28}},"loc":{"start":{"line":15,"column":31},"end":{"line":18,"column":1}},"line":15},"2":{"name":"ProductProvider","decl":{"start":{"line":20,"column":9},"end":{"line":20,"column":24}},"loc":{"start":{"line":20,"column":50},"end":{"line":45,"column":1}},"line":20},"3":{"name":"(anonymous_3)","decl":{"start":{"line":24,"column":18},"end":{"line":24,"column":19}},"loc":{"start":{"line":24,"column":24},"end":{"line":26,"column":3}},"line":24},"4":{"name":"(anonymous_4)","decl":{"start":{"line":28,"column":18},"end":{"line":28,"column":19}},"loc":{"start":{"line":28,"column":24},"end":{"line":34,"column":3}},"line":28},"5":{"name":"(anonymous_5)","decl":{"start":{"line":30,"column":12},"end":{"line":30,"column":13}},"loc":{"start":{"line":30,"column":26},"end":{"line":32,"column":7}},"line":30},"6":{"name":"(anonymous_6)","decl":{"start":{"line":33,"column":13},"end":{"line":33,"column":14}},"loc":{"start":{"line":33,"column":19},"end":{"line":33,"column":42}},"line":33}},"branchMap":{},"s":{"0":1,"1":1,"2":1,"3":0,"4":0,"5":0,"6":0,"7":0,"8":0,"9":0,"10":0,"11":0,"12":0,"13":0,"14":0,"15":0,"16":1},"f":{"0":0,"1":0,"2":0,"3":0,"4":0,"5":0,"6":0},"b":{},"_coverageSchema":"1a1c01bbd47fc00a2c39e90264f33305004495a9","hash":"d41ba3f5d98a33550d3ae546756086fce98a2c10"}
,"/Users/ivyhu/Coding/HackReactor/Project-Adventure/client/src/contexts/ReviewMeta.jsx": {"path":"/Users/ivyhu/Coding/HackReactor/Project-Adventure/client/src/contexts/ReviewMeta.jsx","statementMap":{"0":{"start":{"line":6,"column":22},"end":{"line":6,"column":43}},"1":{"start":{"line":7,"column":0},"end":{"line":7,"column":41}},"2":{"start":{"line":11,"column":2},"end":{"line":11,"column":35}},"3":{"start":{"line":16,"column":20},"end":{"line":16,"column":48}},"4":{"start":{"line":17,"column":38},"end":{"line":17,"column":52}},"5":{"start":{"line":20,"column":22},"end":{"line":20,"column":23}},"6":{"start":{"line":21,"column":20},"end":{"line":21,"column":21}},"7":{"start":{"line":22,"column":18},"end":{"line":22,"column":22}},"8":{"start":{"line":23,"column":24},"end":{"line":23,"column":28}},"9":{"start":{"line":24,"column":4},"end":{"line":28,"column":7}},"10":{"start":{"line":25,"column":24},"end":{"line":25,"column":44}},"11":{"start":{"line":26,"column":6},"end":{"line":26,"column":37}},"12":{"start":{"line":27,"column":6},"end":{"line":27,"column":27}},"13":{"start":{"line":29,"column":4},"end":{"line":29,"column":62}},"14":{"start":{"line":30,"column":4},"end":{"line":30,"column":34}},"15":{"start":{"line":33,"column":2},"end":{"line":50,"column":18}},"16":{"start":{"line":35,"column":4},"end":{"line":49,"column":40}},"17":{"start":{"line":43,"column":8},"end":{"line":43,"column":23}},"18":{"start":{"line":44,"column":30},"end":{"line":44,"column":49}},"19":{"start":{"line":45,"column":8},"end":{"line":45,"column":52}},"20":{"start":{"line":46,"column":8},"end":{"line":46,"column":48}},"21":{"start":{"line":47,"column":8},"end":{"line":47,"column":31}},"22":{"start":{"line":49,"column":19},"end":{"line":49,"column":38}},"23":{"start":{"line":52,"column":2},"end":{"line":56,"column":4}},"24":{"start":{"line":59,"column":0},"end":{"line":61,"column":2}}},"fnMap":{"0":{"name":"useMeta","decl":{"start":{"line":10,"column":16},"end":{"line":10,"column":23}},"loc":{"start":{"line":10,"column":26},"end":{"line":12,"column":1}},"line":10},"1":{"name":"RatingProvider","decl":{"start":{"line":15,"column":16},"end":{"line":15,"column":30}},"loc":{"start":{"line":15,"column":45},"end":{"line":57,"column":1}},"line":15},"2":{"name":"convertRating","decl":{"start":{"line":19,"column":11},"end":{"line":19,"column":24}},"loc":{"start":{"line":19,"column":31},"end":{"line":31,"column":3}},"line":19},"3":{"name":"(anonymous_3)","decl":{"start":{"line":24,"column":33},"end":{"line":24,"column":34}},"loc":{"start":{"line":24,"column":42},"end":{"line":28,"column":5}},"line":24},"4":{"name":"(anonymous_4)","decl":{"start":{"line":33,"column":12},"end":{"line":33,"column":13}},"loc":{"start":{"line":33,"column":18},"end":{"line":50,"column":3}},"line":33},"5":{"name":"(anonymous_5)","decl":{"start":{"line":42,"column":12},"end":{"line":42,"column":13}},"loc":{"start":{"line":42,"column":26},"end":{"line":48,"column":7}},"line":42},"6":{"name":"(anonymous_6)","decl":{"start":{"line":49,"column":13},"end":{"line":49,"column":14}},"loc":{"start":{"line":49,"column":19},"end":{"line":49,"column":38}},"line":49}},"branchMap":{},"s":{"0":1,"1":1,"2":1,"3":0,"4":0,"5":0,"6":0,"7":0,"8":0,"9":0,"10":0,"11":0,"12":0,"13":0,"14":0,"15":0,"16":0,"17":0,"18":0,"19":0,"20":0,"21":0,"22":0,"23":0,"24":1},"f":{"0":1,"1":0,"2":0,"3":0,"4":0,"5":0,"6":0},"b":{},"_coverageSchema":"1a1c01bbd47fc00a2c39e90264f33305004495a9","hash":"ac3bcc1e3c1df8577976420a1143dd98e86635d1"}
}
