TN:
SF:client/src/Star.jsx
FN:5,Star
FNF:1
FNH:1
FNDA:1,Star
DA:6,1
DA:7,1
DA:8,1
DA:21,1
DA:25,1
LF:5
LH:5
BRF:0
BRH:0
end_of_record
TN:
SF:client/src/components/Ratings/RatingBreakdown/FactorEntry.jsx
FN:4,FactorEntry
FN:15,(anonymous_1)
FNF:2
FNH:2
FNDA:2,FactorEntry
FNDA:6,(anonymous_1)
DA:5,2
DA:14,2
DA:16,6
DA:23,1
LF:4
LH:4
BRF:0
BRH:0
end_of_record
TN:
SF:client/src/components/Ratings/RatingBreakdown/RatingOverview.jsx
FN:7,RatingOverview
FNF:1
FNH:1
FNDA:1,RatingOverview
DA:8,1
DA:9,1
DA:10,1
DA:12,1
DA:13,0
DA:14,0
DA:15,0
DA:16,0
DA:17,0
DA:20,1
DA:27,1
DA:44,1
DA:49,1
DA:55,1
LF:14
LH:9
BRDA:12,0,0,0
BRDA:12,0,1,1
BRDA:20,1,0,0
BRDA:20,1,1,1
BRF:4
BRH:2
end_of_record
TN:
SF:client/src/components/Ratings/Review/HighlightText.jsx
FN:4,HighlightText
FN:13,(anonymous_1)
FNF:2
FNH:2
FNDA:2,HighlightText
FNDA:6,(anonymous_1)
DA:5,2
DA:6,0
DA:8,2
DA:9,2
DA:11,2
DA:13,6
DA:22,1
LF:7
LH:6
BRDA:5,0,0,0
BRDA:5,0,1,2
BRDA:13,1,0,2
BRDA:13,1,1,4
BRF:4
BRH:3
end_of_record
TN:
SF:client/src/components/RelatedProducts/Cards/Comparison.jsx
FN:7,Comparison
FNF:1
FNH:0
FNDA:0,Comparison
DA:8,0
DA:9,0
DA:11,0
DA:23,1
DA:29,1
LF:5
LH:2
BRF:0
BRH:0
end_of_record
TN:
SF:client/src/components/RelatedProducts/Cards/Features.jsx
FN:7,Features
FN:11,(anonymous_1)
FN:14,(anonymous_2)
FN:27,(anonymous_3)
FN:30,(anonymous_4)
FN:34,(anonymous_5)
FNF:6
FNH:0
FNDA:0,Features
FNDA:0,(anonymous_1)
FNDA:0,(anonymous_2)
FNDA:0,(anonymous_3)
FNDA:0,(anonymous_4)
FNDA:0,(anonymous_5)
DA:8,0
DA:10,0
DA:11,0
DA:13,0
DA:14,0
DA:16,0
DA:28,0
DA:30,0
DA:34,0
LF:9
LH:0
BRDA:30,0,0,0
BRDA:30,0,1,0
BRDA:32,1,0,0
BRDA:32,1,1,0
BRDA:34,2,0,0
BRDA:34,2,1,0
BRF:6
BRH:0
end_of_record
TN:
SF:client/src/components/RelatedProducts/Cards/Individualcard.jsx
FN:9,Individualcard
FNF:1
FNH:0
FNDA:0,Individualcard
DA:10,0
DA:30,1
DA:45,1
DA:48,1
LF:4
LH:3
BRF:0
BRH:0
end_of_record
TN:
SF:client/src/components/RelatedProducts/Cards/ProductImg.jsx
FN:8,ProductImg
FN:12,handleClick
FN:23,(anonymous_2)
FN:46,(anonymous_3)
FNF:4
FNH:0
FNDA:0,ProductImg
FNDA:0,handleClick
FNDA:0,(anonymous_2)
FNDA:0,(anonymous_3)
DA:9,0
DA:11,0
DA:13,0
DA:16,0
DA:23,0
DA:37,1
DA:45,1
DA:46,0
LF:8
LH:2
BRDA:46,0,0,0
BRDA:46,0,1,0
BRF:2
BRH:0
end_of_record
TN:
SF:client/src/components/RelatedProducts/sampledata/sampleFeatures.js
FNF:0
FNH:0
DA:3,1
LF:1
LH:1
BRF:0
BRH:0
end_of_record
TN:
SF:client/src/contexts/ProductIDContext.jsx
FN:10,useCurrentProduct
FN:15,useCurrentProductId
FN:20,ProductProvider
FN:24,(anonymous_3)
FN:28,(anonymous_4)
FN:30,(anonymous_5)
FN:33,(anonymous_6)
FNF:7
FNH:0
FNDA:0,useCurrentProduct
FNDA:0,useCurrentProductId
FNDA:0,ProductProvider
FNDA:0,(anonymous_3)
FNDA:0,(anonymous_4)
FNDA:0,(anonymous_5)
FNDA:0,(anonymous_6)
DA:6,1
DA:7,1
DA:8,1
DA:11,0
DA:12,0
DA:16,0
DA:17,0
DA:21,0
DA:22,0
DA:24,0
DA:25,0
DA:28,0
DA:29,0
DA:31,0
DA:33,0
DA:36,0
DA:47,1
LF:17
LH:4
BRF:0
BRH:0
end_of_record
TN:
SF:client/src/contexts/ReviewMeta.jsx
FN:10,useMeta
FN:15,RatingProvider
FN:19,convertRating
FN:24,(anonymous_3)
FN:33,(anonymous_4)
FN:42,(anonymous_5)
FN:49,(anonymous_6)
FNF:7
FNH:1
FNDA:1,useMeta
FNDA:0,RatingProvider
FNDA:0,convertRating
FNDA:0,(anonymous_3)
FNDA:0,(anonymous_4)
FNDA:0,(anonymous_5)
FNDA:0,(anonymous_6)
DA:6,1
DA:7,1
DA:11,1
DA:16,0
DA:17,0
DA:20,0
DA:21,0
DA:22,0
DA:23,0
DA:24,0
DA:25,0
DA:26,0
DA:27,0
DA:29,0
DA:30,0
DA:33,0
DA:35,0
DA:43,0
DA:44,0
DA:45,0
DA:46,0
DA:47,0
DA:49,0
DA:52,0
DA:59,1
LF:25
LH:4
BRF:0
BRH:0
end_of_record
